============================================================
   Tang Dynasty, V4.6.14756
   Copyright:   Shanghai Anlogic Infotech Co., Ltd.
                2011 - 2021
   Executable = C:/Anlogic/TD4.6.3/bin/td.exe
   Built at =   17:01:29 Oct 21 2019
   Run by =     fumi
   Run Date =   Sat Mar 28 17:06:41 2020

   Run on =     FUMIMAKER6BEE
============================================================
RUN-1002 : start command "open_project ROM.al"
HDL-1007 : analyze verilog file pll0.v
HDL-1007 : analyze verilog file hvsync_generator.v
HDL-1007 : analyze verilog file al_ip/bitmaprom.v
HDL-1007 : analyze verilog file LED1.v
RUN-1002 : start command "import_device eagle_s20.db -package BG256"
ARC-1001 : Device Initialization.
ARC-1001 : ------------------------------------------------------------------
ARC-1001 :            OPTION            |          IO          |   SETTING   
ARC-1001 : ------------------------------------------------------------------
ARC-1001 :   cso_b/cclk/mosi/miso/dout  |  T3/R11/T10/P10/S11  |    gpio    
ARC-1001 :             done             |         P13          |    gpio    
ARC-1001 :           program_b          |          T2          |  dedicated  
ARC-1001 :        tdi/tms/tck/tdo       |   C12/A15/C14/E14    |  dedicated  
ARC-1001 : ------------------------------------------------------------------
ARC-1004 : Device setting, marked 5 dedicate IOs in total.
RUN-1002 : start command "import_db ROM_pr.db"
RUN-1001 : Importing database generated by Tang Dynasty, V4.6.14756.
RUN-1001 : Database version number 46116.
RUN-1001 : Import IO constraints
RUN-1001 : Import Inst constraints
RUN-1001 : Import flow parameters
RUN-1002 : start command "download -bit ROM.bit -mode jtag -spd 6 -sec 64 -cable 0"
PRG-2014 : Chip validation success: EAGLE_S20_BG256
RUN-1002 : start command "bit_to_vec -chip EAGLE_S20_BG256 -m jtag -bit ROM.bit"
PRG-3000 : BIT2VEC::JtagBitstream: completed! line_num = 1418, frame_num = 1259
RUN-1003 : finish command "bit_to_vec -chip EAGLE_S20_BG256 -m jtag -bit ROM.bit" in  1.487426s wall, 1.453125s user + 0.031250s system = 1.484375s CPU (99.8%)

RUN-1004 : used memory is 342 MB, reserved memory is 309 MB, peak memory is 342 MB
RUN-1002 : start command "program -cable 0 -spd 6 -p"
RUN-1003 : finish command "program -cable 0 -spd 6 -p" in  10.509591s wall, 0.203125s user + 0.250000s system = 0.453125s CPU (4.3%)

RUN-1004 : used memory is 368 MB, reserved memory is 336 MB, peak memory is 368 MB
RUN-1003 : finish command "download -bit ROM.bit -mode jtag -spd 6 -sec 64 -cable 0" in  13.168790s wall, 1.875000s user + 0.359375s system = 2.234375s CPU (17.0%)

RUN-1004 : used memory is 212 MB, reserved memory is 176 MB, peak memory is 368 MB
GUI-1001 : Download success!
