============================================================
   Tang Dynasty, V4.6.14756
   Copyright:   Shanghai Anlogic Infotech Co., Ltd.
                2011 - 2021
   Executable = C:/Anlogic/TD4.6.3/bin/td.exe
   Built at =   17:01:29 Oct 21 2019
   Run by =     mizuno_mobile_g
   Run Date =   Thu Mar 12 20:51:48 2020

   Run on =     MIZUNO_MOBILE_G
============================================================
RUN-1002 : start command "import_device eagle_s20.db -package BG256 -basic"
ARC-1001 : Device Initialization.
ARC-1001 : ------------------------------------------------------------------
ARC-1001 :            OPTION            |          IO          |   SETTING   
ARC-1001 : ------------------------------------------------------------------
ARC-1001 :   cso_b/cclk/mosi/miso/dout  |  T3/R11/T10/P10/S11  |    gpio    
ARC-1001 :             done             |         P13          |    gpio    
ARC-1001 :           program_b          |          T2          |  dedicated  
ARC-1001 :        tdi/tms/tck/tdo       |   C12/A15/C14/E14    |  dedicated  
ARC-1001 : ------------------------------------------------------------------
ARC-1004 : Device setting, marked 5 dedicate IOs in total.
RUN-1002 : start command "read_verilog -file al_ip/bitmaprom.v"
HDL-1007 : analyze verilog file al_ip/bitmaprom.v
HDL-1007 : elaborate module bitmaprom in al_ip/bitmaprom.v(14)
HDL-1007 : elaborate module EG_LOGIC_BRAM(DATA_WIDTH_B=9,ADDR_WIDTH_A=16,ADDR_WIDTH_B=16,DATA_DEPTH_A=65536,DATA_DEPTH_B=65536,MODE="SP",INIT_FILE="C:/Users/mizuno/Dropbox (SFC-CNS)/vga/pic.mif") in C:/Anlogic/TD4.6.3/arch/eagle_macro.v(1072)
HDL-1200 : Current top model is bitmaprom
HDL-1100 : Inferred 0 RAMs.
RUN-1002 : start command "optimize_rtl"
RUN-1001 : Open license file C:/Anlogic/TD4.6.3/license/Anlogic.lic
SYN-1012 : SanityCheck: Model "bitmaprom"
SYN-1011 : Flatten model bitmaprom
SYN-1014 : Optimize round 1
SYN-1032 : 29/0 useful/useless nets, 3/0 useful/useless insts
SYN-1019 : Optimized 0 mux instances.
SYN-1015 : Optimize round 1, 0 better
RUN-1002 : start command "map_macro -nopad"
SYN-2501 : Processed 0 LOGIC_BUF instances.
SYN-2512 : LOGIC BRAM "inst"
SYN-2541 : Reading BRAM "inst" init file "C:/Users/mizuno/Dropbox (SFC-CNS)/vga/pic.mif"
SYN-2542 : Parsing MIF init file
SYN-8418 ERROR: Wrong init file size 65536x9 65536x9
SYN-2501 : Optimize round 1
SYN-1032 : 29/0 useful/useless nets, 4/0 useful/useless insts
SYN-2501 : Optimize round 1, 0 better
SYN-1032 : 29/0 useful/useless nets, 4/0 useful/useless insts
