============================================================
   Tang Dynasty, V4.6.14756
   Copyright:   Shanghai Anlogic Infotech Co., Ltd.
                2011 - 2021
   Executable = C:/Anlogic/TD4.6.3/bin/td.exe
   Built at =   17:01:29 Oct 21 2019
   Run by =     fpga
   Run Date =   Mon Mar  9 18:09:12 2020

   Run on =     DESKTOP-5VC2SBS
============================================================
RUN-1002 : start command "open_project LED1.al"
HDL-1007 : analyze verilog file LED1.v
RUN-1002 : start command "import_device eagle_s20.db -package BG256"
ARC-1001 : Device Initialization.
ARC-1001 : ------------------------------------------------------------------
ARC-1001 :            OPTION            |          IO          |   SETTING   
ARC-1001 : ------------------------------------------------------------------
ARC-1001 :   cso_b/cclk/mosi/miso/dout  |  T3/R11/T10/P10/S11  |    gpio    
ARC-1001 :             done             |         P13          |    gpio    
ARC-1001 :           program_b          |          T2          |  dedicated  
ARC-1001 :        tdi/tms/tck/tdo       |   C12/A15/C14/E14    |  dedicated  
ARC-1001 : ------------------------------------------------------------------
ARC-1004 : Device setting, marked 5 dedicate IOs in total.
RUN-1002 : start command "import_db LED1_pr.db"
RUN-1001 : Importing database generated by Tang Dynasty, V4.6.14756.
RUN-1001 : Database version number 46116.
RUN-1001 : Import IO constraints
RUN-1001 : Import Inst constraints
RUN-1001 : Import flow parameters
RUN-1002 : start command "download -bit ..\..\..\..\Downloads\LED1\LED1.bit -mode jtag -spd 6 -sec 64 -cable 0"
PRG-2014 : Chip validation success: EAGLE_S20_BG256
RUN-1002 : start command "bit_to_vec -chip EAGLE_S20_BG256 -m jtag -bit ../../../../Downloads/LED1/LED1.bit"
PRG-3000 : BIT2VEC::JtagBitstream: completed! line_num = 1354, frame_num = 1259
RUN-1003 : finish command "bit_to_vec -chip EAGLE_S20_BG256 -m jtag -bit ../../../../Downloads/LED1/LED1.bit" in  1.339360s wall, 1.343750s user + 0.046875s system = 1.390625s CPU (103.8%)

RUN-1004 : used memory is 281 MB, reserved memory is 240 MB, peak memory is 283 MB
RUN-1002 : start command "program -cable 0 -spd 6 -p"
RUN-1003 : finish command "program -cable 0 -spd 6 -p" in  7.370020s wall, 0.765625s user + 0.187500s system = 0.953125s CPU (12.9%)

RUN-1004 : used memory is 306 MB, reserved memory is 266 MB, peak memory is 306 MB
RUN-1003 : finish command "download -bit ..\..\..\..\Downloads\LED1\LED1.bit -mode jtag -spd 6 -sec 64 -cable 0" in  9.260015s wall, 2.203125s user + 0.296875s system = 2.500000s CPU (27.0%)

RUN-1004 : used memory is 165 MB, reserved memory is 123 MB, peak memory is 306 MB
GUI-1001 : Download success!
RUN-1002 : start command "download -bit LED1.bit -mode jtag -spd 6 -sec 64 -cable 0"
PRG-2014 : Chip validation success: EAGLE_S20_BG256
RUN-1002 : start command "bit_to_vec -chip EAGLE_S20_BG256 -m jtag -bit LED1.bit"
PRG-3000 : BIT2VEC::JtagBitstream: completed! line_num = 1354, frame_num = 1259
RUN-1003 : finish command "bit_to_vec -chip EAGLE_S20_BG256 -m jtag -bit LED1.bit" in  1.280418s wall, 1.250000s user + 0.046875s system = 1.296875s CPU (101.3%)

RUN-1004 : used memory is 283 MB, reserved memory is 241 MB, peak memory is 306 MB
RUN-1002 : start command "program -cable 0 -spd 6 -p"
RUN-1003 : finish command "program -cable 0 -spd 6 -p" in  7.352479s wall, 0.703125s user + 0.203125s system = 0.906250s CPU (12.3%)

RUN-1004 : used memory is 308 MB, reserved memory is 267 MB, peak memory is 308 MB
RUN-1003 : finish command "download -bit LED1.bit -mode jtag -spd 6 -sec 64 -cable 0" in  9.207231s wall, 2.109375s user + 0.281250s system = 2.390625s CPU (26.0%)

RUN-1004 : used memory is 167 MB, reserved memory is 126 MB, peak memory is 308 MB
GUI-1001 : Download success!
